May 25, 2018 9:41:28 AM org.apache.catalina.core.ApplicationContext log
INFO: ContextListener: contextInitialized()
May 25, 2018 9:41:28 AM org.apache.catalina.core.ApplicationContext log
INFO: SessionListener: contextInitialized()
May 25, 2018 9:41:28 AM org.apache.catalina.core.ApplicationContext log
INFO: ContextListener: attributeAdded('org.apache.jasper.compiler.TldLocationsCache', 'org.apache.jasper.compiler.TldLocationsCache@50d67505')
May 25, 2018 9:45:23 AM org.apache.catalina.core.ApplicationContext log
INFO: ContextListener: contextInitialized()
May 25, 2018 9:45:23 AM org.apache.catalina.core.ApplicationContext log
INFO: SessionListener: contextInitialized()
May 25, 2018 9:45:23 AM org.apache.catalina.core.ApplicationContext log
INFO: ContextListener: attributeAdded('org.apache.jasper.compiler.TldLocationsCache', 'org.apache.jasper.compiler.TldLocationsCache@209e38f2')
May 25, 2018 9:45:23 AM org.apache.catalina.core.ApplicationContext log
INFO: SessionListener: contextDestroyed()
May 25, 2018 9:45:23 AM org.apache.catalina.core.ApplicationContext log
INFO: ContextListener: contextDestroyed()
May 25, 2018 9:45:44 AM org.apache.catalina.core.ApplicationContext log
INFO: ContextListener: contextInitialized()
May 25, 2018 9:45:44 AM org.apache.catalina.core.ApplicationContext log
INFO: SessionListener: contextInitialized()
May 25, 2018 9:45:44 AM org.apache.catalina.core.ApplicationContext log
INFO: ContextListener: attributeAdded('org.apache.jasper.compiler.TldLocationsCache', 'org.apache.jasper.compiler.TldLocationsCache@505d74e6')
May 25, 2018 9:45:45 AM org.apache.catalina.core.ApplicationContext log
INFO: SessionListener: contextDestroyed()
May 25, 2018 9:45:45 AM org.apache.catalina.core.ApplicationContext log
INFO: ContextListener: contextDestroyed()
May 25, 2018 9:48:32 AM org.apache.catalina.core.ApplicationContext log
INFO: ContextListener: contextInitialized()
May 25, 2018 9:48:32 AM org.apache.catalina.core.ApplicationContext log
INFO: SessionListener: contextInitialized()
May 25, 2018 9:48:32 AM org.apache.catalina.core.ApplicationContext log
INFO: ContextListener: attributeAdded('org.apache.jasper.compiler.TldLocationsCache', 'org.apache.jasper.compiler.TldLocationsCache@75abb41b')
May 25, 2018 9:48:32 AM org.apache.catalina.core.ApplicationContext log
INFO: SessionListener: contextDestroyed()
May 25, 2018 9:48:32 AM org.apache.catalina.core.ApplicationContext log
INFO: ContextListener: contextDestroyed()
May 25, 2018 9:48:42 AM org.apache.catalina.core.ApplicationContext log
INFO: SessionListener: contextDestroyed()
May 25, 2018 9:48:42 AM org.apache.catalina.core.ApplicationContext log
INFO: ContextListener: contextDestroyed()
